Traceback (most recent call last):
  File "/Users/robertwexler/miniconda3/envs/chem-402-5020/lib/python3.10/site-packages/jupyter_cache/executors/utils.py", line 58, in single_nb_execution
    executenb(
  File "/Users/robertwexler/miniconda3/envs/chem-402-5020/lib/python3.10/site-packages/nbclient/client.py", line 1319, in execute
    return NotebookClient(nb=nb, resources=resources, km=km, **kwargs).execute()
  File "/Users/robertwexler/miniconda3/envs/chem-402-5020/lib/python3.10/site-packages/jupyter_core/utils/__init__.py", line 165, in wrapped
    return loop.run_until_complete(inner)
  File "/Users/robertwexler/miniconda3/envs/chem-402-5020/lib/python3.10/asyncio/base_events.py", line 649, in run_until_complete
    return future.result()
  File "/Users/robertwexler/miniconda3/envs/chem-402-5020/lib/python3.10/site-packages/nbclient/client.py", line 709, in async_execute
    await self.async_execute_cell(
  File "/Users/robertwexler/miniconda3/envs/chem-402-5020/lib/python3.10/site-packages/nbclient/client.py", line 1062, in async_execute_cell
    await self._check_raise_for_error(cell, cell_index, exec_reply)
  File "/Users/robertwexler/miniconda3/envs/chem-402-5020/lib/python3.10/site-packages/nbclient/client.py", line 918, in _check_raise_for_error
    raise CellExecutionError.from_cell_and_msg(cell, exec_reply_content)
nbclient.exceptions.CellExecutionError: An error occurred while executing the following cell:
------------------
import matplotlib.pyplot as plt
import numpy as np
import pandas as pd
from scipy.constants import N_A
import statsmodels.api as sm
from myst_nb import glue

# Experimental data for O2 at 1 Pa:
df = pd.read_table("../_static/section-03/isobaric-properties-for-oxygen.tsv", sep="\t").iloc[:, [0, 1, 3]]
df.columns = ["T_C", "P", "V"]
df["v"] = df["V"] * 1e27 / N_A  # Convert volume to nm³/molecule

X = sm.add_constant(df["v"])  # For intercept in linear regression
y = df["T_C"]
model = sm.OLS(y, X).fit()

df["T_C_pred"] = model.predict(X)

fig, ax = plt.subplots(figsize=(4, 4))
ax.plot(df["v"], df["T_C"], "b.")
intercept, slope = model.params
line = ax.plot(df["v"], df["T_C_pred"], "r-", label=f"Slope: {slope:.2e}; Intercept: {intercept:.2f} °C")
labelLines(line, zorder=2.5)

ax.set_xlabel("Volume (nm³/molecule)")
ax.set_ylabel("Temperature (°C)")
ax.grid(True, linestyle="--", linewidth=0.5)

plt.tight_layout()
glue('absolute-temperature', fig, display=False)
plt.close(fig)
------------------


[0;31m---------------------------------------------------------------------------[0m
[0;31mModuleNotFoundError[0m                       Traceback (most recent call last)
Cell [0;32mIn[2], line 3[0m
[1;32m      1[0m [38;5;28;01mimport[39;00m[38;5;250m [39m[38;5;21;01mmatplotlib[39;00m[38;5;21;01m.[39;00m[38;5;21;01mpyplot[39;00m[38;5;250m [39m[38;5;28;01mas[39;00m[38;5;250m [39m[38;5;21;01mplt[39;00m
[1;32m      2[0m [38;5;28;01mimport[39;00m[38;5;250m [39m[38;5;21;01mnumpy[39;00m[38;5;250m [39m[38;5;28;01mas[39;00m[38;5;250m [39m[38;5;21;01mnp[39;00m
[0;32m----> 3[0m [38;5;28;01mimport[39;00m[38;5;250m [39m[38;5;21;01mpandas[39;00m[38;5;250m [39m[38;5;28;01mas[39;00m[38;5;250m [39m[38;5;21;01mpd[39;00m
[1;32m      4[0m [38;5;28;01mfrom[39;00m[38;5;250m [39m[38;5;21;01mscipy[39;00m[38;5;21;01m.[39;00m[38;5;21;01mconstants[39;00m[38;5;250m [39m[38;5;28;01mimport[39;00m N_A
[1;32m      5[0m [38;5;28;01mimport[39;00m[38;5;250m [39m[38;5;21;01mstatsmodels[39;00m[38;5;21;01m.[39;00m[38;5;21;01mapi[39;00m[38;5;250m [39m[38;5;28;01mas[39;00m[38;5;250m [39m[38;5;21;01msm[39;00m

[0;31mModuleNotFoundError[0m: No module named 'pandas'

