Traceback (most recent call last):
  File "/Users/robertwexler/miniconda3/envs/chem-402-5020/lib/python3.10/site-packages/jupyter_cache/executors/utils.py", line 58, in single_nb_execution
    executenb(
  File "/Users/robertwexler/miniconda3/envs/chem-402-5020/lib/python3.10/site-packages/nbclient/client.py", line 1319, in execute
    return NotebookClient(nb=nb, resources=resources, km=km, **kwargs).execute()
  File "/Users/robertwexler/miniconda3/envs/chem-402-5020/lib/python3.10/site-packages/jupyter_core/utils/__init__.py", line 165, in wrapped
    return loop.run_until_complete(inner)
  File "/Users/robertwexler/miniconda3/envs/chem-402-5020/lib/python3.10/asyncio/base_events.py", line 649, in run_until_complete
    return future.result()
  File "/Users/robertwexler/miniconda3/envs/chem-402-5020/lib/python3.10/site-packages/nbclient/client.py", line 709, in async_execute
    await self.async_execute_cell(
  File "/Users/robertwexler/miniconda3/envs/chem-402-5020/lib/python3.10/site-packages/nbclient/client.py", line 1062, in async_execute_cell
    await self._check_raise_for_error(cell, cell_index, exec_reply)
  File "/Users/robertwexler/miniconda3/envs/chem-402-5020/lib/python3.10/site-packages/nbclient/client.py", line 918, in _check_raise_for_error
    raise CellExecutionError.from_cell_and_msg(cell, exec_reply_content)
nbclient.exceptions.CellExecutionError: An error occurred while executing the following cell:
------------------
# https://en.wikipedia.org/wiki/Heat_capacities_of_the_elements_(data_page)

import pandas as pd

df = pd.read_csv("../_static/chapter-02/section-06/dulong_petit.csv")
df = df[df.Source == "use"].copy()
df["Atomic Number"] = df["Atomic Number"].astype(int)
df["Molar (J/mol·K)"] = df["Molar (J/mol·K)"].astype(float)
df["Molar (R)"] = df["Molar (J/mol·K)"] / 8.314
df["Absolute Deviation"] = np.abs(df["Molar (R)"] - 3)

# Remove elemental gases
elemental_gases = ["H", "He", "N", "O", "F", "Ne", "Cl", "Ar", "Kr", "Xe", "Rn"]
df = df[~df.Symbol.isin(elemental_gases)]

fig, axs = plt.subplot_mosaic([[0]], figsize=(4, 4))

axs[0].scatter(df["Atomic Number"], df["Molar (R)"], color="black")
axs[0].set_xlabel("Atomic Number")
axs[0].set_ylabel(r"Heat Capacity ($k_{\text{B}}$)")

# Annotate outliers
outliers = df[df["Absolute Deviation"] > 1]
for _, row in outliers.iterrows():
    axs[0].annotate(row["Symbol"], (row["Atomic Number"], row["Molar (R)"]))

# Plot Dulong-Petit law
dulong_petit = axs[0].plot([0, 100], [3, 3], "r--", label="Dulong-Petit law")
labelLines(dulong_petit, zorder=2.5)

plt.tight_layout()
glue("dulong_petit", fig, display=False)
plt.close(fig)
------------------


[0;31m---------------------------------------------------------------------------[0m
[0;31mModuleNotFoundError[0m                       Traceback (most recent call last)
Cell [0;32mIn[4], line 3[0m
[1;32m      1[0m [38;5;66;03m# https://en.wikipedia.org/wiki/Heat_capacities_of_the_elements_(data_page)[39;00m
[0;32m----> 3[0m [38;5;28;01mimport[39;00m[38;5;250m [39m[38;5;21;01mpandas[39;00m[38;5;250m [39m[38;5;28;01mas[39;00m[38;5;250m [39m[38;5;21;01mpd[39;00m
[1;32m      5[0m df [38;5;241m=[39m pd[38;5;241m.[39mread_csv([38;5;124m"[39m[38;5;124m../_static/chapter-02/section-06/dulong_petit.csv[39m[38;5;124m"[39m)
[1;32m      6[0m df [38;5;241m=[39m df[df[38;5;241m.[39mSource [38;5;241m==[39m [38;5;124m"[39m[38;5;124muse[39m[38;5;124m"[39m][38;5;241m.[39mcopy()

[0;31mModuleNotFoundError[0m: No module named 'pandas'

